<?xml version="1.0" encoding="UTF-8"?>
<testng-results skipped="0" failed="0" total="1" passed="1">
  <reporter-output>
  </reporter-output>
  <suite name="Default suite" duration-ms="2596" started-at="2019-07-30T15:39:48Z" finished-at="2019-07-30T15:39:51Z">
    <groups>
    </groups>
    <test name="Default test" duration-ms="2596" started-at="2019-07-30T15:39:48Z" finished-at="2019-07-30T15:39:51Z">
      <class name="apiQA.qaAPI.RestAssuredQAAPI">
        <test-method status="PASS" signature="call()[pri:0, instance:apiQA.qaAPI.RestAssuredQAAPI@6adca536]" name="call" duration-ms="2578" started-at="2019-07-30T21:09:48Z" finished-at="2019-07-30T21:09:51Z">
          <reporter-output>
          </reporter-output>
        </test-method> <!-- call -->
      </class> <!-- apiQA.qaAPI.RestAssuredQAAPI -->
    </test> <!-- Default test -->
  </suite> <!-- Default suite -->
</testng-results>
